0 info it worked if it ends with ok
1 verbose cli [ '/usr/local/bin/node',
1 verbose cli   '/usr/local/bin/npm',
1 verbose cli   'install',
1 verbose cli   'coffee-script' ]
2 info using npm@1.2.15
3 info using node@v0.10.2
4 verbose read json /home/maximilian/websites/node.js/client-assertthat/package.json
5 verbose read json /home/maximilian/websites/node.js/client-assertthat/package.json
6 verbose cache add [ 'coffee-script', null ]
7 verbose cache add name=undefined spec="coffee-script" args=["coffee-script",null]
8 verbose parsed url { protocol: null,
8 verbose parsed url   slashes: null,
8 verbose parsed url   auth: null,
8 verbose parsed url   host: null,
8 verbose parsed url   port: null,
8 verbose parsed url   hostname: null,
8 verbose parsed url   hash: null,
8 verbose parsed url   search: null,
8 verbose parsed url   query: null,
8 verbose parsed url   pathname: 'coffee-script',
8 verbose parsed url   path: 'coffee-script',
8 verbose parsed url   href: 'coffee-script' }
9 silly lockFile ab358269-coffee-script coffee-script
10 verbose lock coffee-script /home/maximilian/.npm/ab358269-coffee-script.lock
11 silly lockFile ab358269-coffee-script coffee-script
12 silly lockFile ab358269-coffee-script coffee-script
13 verbose addNamed [ 'coffee-script', '' ]
14 verbose addNamed [ null, '' ]
15 silly lockFile 53951495-coffee-script coffee-script@
16 verbose lock coffee-script@ /home/maximilian/.npm/53951495-coffee-script.lock
17 silly addNameRange { name: 'coffee-script', range: '', hasData: false }
18 verbose url raw coffee-script
19 verbose url resolving [ 'https://registry.npmjs.org/', './coffee-script' ]
20 verbose url resolved https://registry.npmjs.org/coffee-script
21 info trying registry request attempt 1 at 21:06:02
22 http GET https://registry.npmjs.org/coffee-script
23 http 200 https://registry.npmjs.org/coffee-script
24 silly registry.get cb [ 200,
24 silly registry.get   { vary: 'Accept',
24 silly registry.get     server: 'CouchDB/1.3.0 (Erlang OTP/R15B03)',
24 silly registry.get     etag: '"CHE5VTGJIV6QO30E6X9CNTA0N"',
24 silly registry.get     date: 'Thu, 18 Jul 2013 19:06:03 GMT',
24 silly registry.get     'content-type': 'application/json',
24 silly registry.get     'content-length': '41327' } ]
25 silly addNameRange number 2 { name: 'coffee-script', range: '', hasData: true }
26 silly addNameRange versions [ 'coffee-script',
26 silly addNameRange   [ '0.7.0',
26 silly addNameRange     '0.7.1',
26 silly addNameRange     '0.7.2',
26 silly addNameRange     '0.9.0',
26 silly addNameRange     '0.9.1',
26 silly addNameRange     '0.9.2',
26 silly addNameRange     '0.9.3',
26 silly addNameRange     '0.9.4',
26 silly addNameRange     '0.9.5',
26 silly addNameRange     '0.9.6',
26 silly addNameRange     '1.0.0',
26 silly addNameRange     '1.0.1',
26 silly addNameRange     '1.1.0',
26 silly addNameRange     '1.1.1',
26 silly addNameRange     '1.1.2',
26 silly addNameRange     '1.1.3',
26 silly addNameRange     '1.2.0',
26 silly addNameRange     '1.3.0',
26 silly addNameRange     '1.3.1',
26 silly addNameRange     '1.3.2',
26 silly addNameRange     '1.3.3',
26 silly addNameRange     '1.4.0',
26 silly addNameRange     '1.5.0',
26 silly addNameRange     '1.6.0',
26 silly addNameRange     '1.6.1',
26 silly addNameRange     '1.6.2',
26 silly addNameRange     '1.6.3' ] ]
27 verbose addNamed [ 'coffee-script', '1.6.3' ]
28 verbose addNamed [ '1.6.3', '1.6.3' ]
29 silly lockFile 15ab88ca-coffee-script-1-6-3 coffee-script@1.6.3
30 verbose lock coffee-script@1.6.3 /home/maximilian/.npm/15ab88ca-coffee-script-1-6-3.lock
31 silly lockFile a0d97ffe-e-script-coffee-script-1-6-3-tgz https://registry.npmjs.org/coffee-script/-/coffee-script-1.6.3.tgz
32 verbose lock https://registry.npmjs.org/coffee-script/-/coffee-script-1.6.3.tgz /home/maximilian/.npm/a0d97ffe-e-script-coffee-script-1-6-3-tgz.lock
33 verbose addRemoteTarball [ 'https://registry.npmjs.org/coffee-script/-/coffee-script-1.6.3.tgz',
33 verbose addRemoteTarball   '6355d32cf1b04cdff6b484e5e711782b2f0c39be' ]
34 silly lockFile a0d97ffe-e-script-coffee-script-1-6-3-tgz https://registry.npmjs.org/coffee-script/-/coffee-script-1.6.3.tgz
35 silly lockFile a0d97ffe-e-script-coffee-script-1-6-3-tgz https://registry.npmjs.org/coffee-script/-/coffee-script-1.6.3.tgz
36 silly lockFile 15ab88ca-coffee-script-1-6-3 coffee-script@1.6.3
37 silly lockFile 15ab88ca-coffee-script-1-6-3 coffee-script@1.6.3
38 silly lockFile 53951495-coffee-script coffee-script@
39 silly lockFile 53951495-coffee-script coffee-script@
40 error Error: EACCES, mkdir '/home/maximilian/tmp/npm-6747'
40 error  { [Error: EACCES, mkdir '/home/maximilian/tmp/npm-6747']
40 error   errno: 3,
40 error   code: 'EACCES',
40 error   path: '/home/maximilian/tmp/npm-6747' }
41 error Please try running this command again as root/Administrator.
42 error System Linux 3.2.0-49-generic
43 error command "/usr/local/bin/node" "/usr/local/bin/npm" "install" "coffee-script"
44 error cwd /home/maximilian/websites/node.js/client-assertthat
45 error node -v v0.10.2
46 error npm -v 1.2.15
47 error path /home/maximilian/tmp/npm-6747
48 error code EACCES
49 error errno 3
50 error stack Error: EACCES, mkdir '/home/maximilian/tmp/npm-6747'
51 verbose exit [ 3, true ]
